Arguments: 
  /usr/local/Cellar/node/13.12.0/bin/node /usr/local/Cellar/yarn/1.22.4/libexec/bin/yarn.js install

PATH: 
  /Users/yasirkaram/.composer/vendor/bin:/usr/local/opt/sqlite/bin:/usr/local/opt/sqlite/bin:/usr/local/opt/openssl@1.1/bin:/Users/yasirkaram/.krew/bin:/Library/Frameworks/Python.framework/Versions/3.9/bin:/Users/yasirkaram/.poetry/bin:/Users/yasirkaram/.elan/bin:/usr/local/bin:/usr/bin:/bin:/usr/sbin:/sbin:/usr/local/go/bin:/usr/local/share/dotnet:~/.dotnet/tools:/Library/Frameworks/Mono.framework/Versions/Current/Commands:/Users/yasirkaram/.composer/vendor/bin:/usr/local/opt/sqlite/bin:/usr/local/opt/openssl@1.1/bin:/Users/yasirkaram/.krew/bin:/Library/Frameworks/Python.framework/Versions/3.9/bin:/Users/yasirkaram/.poetry/bin:/Users/yasirkaram/.elan/bin

Yarn version: 
  1.22.4

Node version: 
  13.12.0

Platform: 
  darwin x64

Trace: 
  SyntaxError: /Users/yasirkaram/repos/task-manager-demo/package.json: Unexpected end of JSON input
      at JSON.parse (<anonymous>)
      at /usr/local/Cellar/yarn/1.22.4/libexec/lib/cli.js:1625:59
      at Generator.next (<anonymous>)
      at step (/usr/local/Cellar/yarn/1.22.4/libexec/lib/cli.js:310:30)
      at /usr/local/Cellar/yarn/1.22.4/libexec/lib/cli.js:321:13

npm manifest: 
  

yarn manifest: 
  No manifest

Lockfile: 
  No lockfile
